build/outputs/logs/manifest-merger-keyboard_simple_blue-release-report.txt
-- Merging decision tree log ---
manifest
ADDED from Documents\Small-Keyboard\AndroidManifest.xml:17:1-161:12
	package
		ADDED from Documents\Small-Keyboard\AndroidManifest.xml:19:9-48
		INJECTED from Documents\Small-Keyboard\AndroidManifest.xml
		INJECTED from Documents\Small-Keyboard\AndroidManifest.xml
	android:versionName
		ADDED from Documents\Small-Keyboard\AndroidManifest.xml:21:9-34
		INJECTED from Documents\Small-Keyboard\AndroidManifest.xml
		INJECTED from Documents\Small-Keyboard\AndroidManifest.xml
	android:versionCode
		ADDED from Documents\Small-Keyboard\AndroidManifest.xml:20:9-33
		INJECTED from Documents\Small-Keyboard\AndroidManifest.xml
		INJECTED from Documents\Small-Keyboard\AndroidManifest.xml
	coreApp
		ADDED from Documents\Small-Keyboard\AndroidManifest.xml:18:9-23
	xmlns:android
		ADDED from Documents\Small-Keyboard\AndroidManifest.xml:17:11-69
uses-sdk
ADDED from Documents\Small-Keyboard\AndroidManifest.xml:23:5-74
MERGED from [com.android.support:multidex:1.0.1] AndroidManifest.xml:18:5-42
MERGED from [com.android.support:support-v4:20.0.0] AndroidManifest.xml:16:5-42
	android:targetSdkVersion
		ADDED from Documents\Small-Keyboard\AndroidManifest.xml:23:42-71
		INJECTED from Documents\Small-Keyboard\AndroidManifest.xml
		INJECTED from Documents\Small-Keyboard\AndroidManifest.xml
	android:minSdkVersion
		ADDED from Documents\Small-Keyboard\AndroidManifest.xml:23:15-41
		INJECTED from Documents\Small-Keyboard\AndroidManifest.xml
		INJECTED from Documents\Small-Keyboard\AndroidManifest.xml
uses-permission#android.permission.GET_ACCOUNTS
ADDED from Documents\Small-Keyboard\AndroidManifest.xml:25:5-71
	android:name
		ADDED from Documents\Small-Keyboard\AndroidManifest.xml:25:22-68
uses-permission#android.permission.READ_CONTACTS
ADDED from Documents\Small-Keyboard\AndroidManifest.xml:26:5-72
	android:name
		ADDED from Documents\Small-Keyboard\AndroidManifest.xml:26:22-69
uses-permission#android.permission.READ_PROFILE
ADDED from Documents\Small-Keyboard\AndroidManifest.xml:27:5-71
	android:name
		ADDED from Documents\Small-Keyboard\AndroidManifest.xml:27:22-68
uses-permission#android.permission.READ_USER_DICTIONARY
ADDED from Documents\Small-Keyboard\AndroidManifest.xml:28:5-79
	android:name
		ADDED from Documents\Small-Keyboard\AndroidManifest.xml:28:22-76
uses-permission#android.permission.RECEIVE_BOOT_COMPLETED
ADDED from Documents\Small-Keyboard\AndroidManifest.xml:29:5-81
	android:name
		ADDED from Documents\Small-Keyboard\AndroidManifest.xml:29:22-78
uses-permission#android.permission.VIBRATE
ADDED from Documents\Small-Keyboard\AndroidManifest.xml:30:5-66
	android:name
		ADDED from Documents\Small-Keyboard\AndroidManifest.xml:30:22-63
uses-permission#android.permission.WRITE_EXTERNAL_STORAGE
ADDED from Documents\Small-Keyboard\AndroidManifest.xml:31:5-81
	android:name
		ADDED from Documents\Small-Keyboard\AndroidManifest.xml:31:22-78
uses-permission#android.permission.WRITE_USER_DICTIONARY
ADDED from Documents\Small-Keyboard\AndroidManifest.xml:32:5-80
	android:name
		ADDED from Documents\Small-Keyboard\AndroidManifest.xml:32:22-77
application
ADDED from Documents\Small-Keyboard\AndroidManifest.xml:34:5-160:19
MERGED from [com.android.support:support-v4:20.0.0] AndroidManifest.xml:17:5-19
	android:label
		ADDED from Documents\Small-Keyboard\AndroidManifest.xml:34:18-58
	android:supportsRtl
		ADDED from Documents\Small-Keyboard\AndroidManifest.xml:37:13-39
	android:killAfterRestore
		ADDED from Documents\Small-Keyboard\AndroidManifest.xml:36:13-45
	android:icon
		ADDED from Documents\Small-Keyboard\AndroidManifest.xml:35:13-56
service#com.themejunky.small.keyboard.LatinIME
ADDED from Documents\Small-Keyboard\AndroidManifest.xml:39:9-46:19
	android:label
		ADDED from Documents\Small-Keyboard\AndroidManifest.xml:40:17-57
	android:permission
		ADDED from Documents\Small-Keyboard\AndroidManifest.xml:41:17-74
	android:name
		ADDED from Documents\Small-Keyboard\AndroidManifest.xml:39:18-41
intent-filter#android.view.InputMethod
ADDED from Documents\Small-Keyboard\AndroidManifest.xml:42:13-44:29
action#android.view.InputMethod
ADDED from Documents\Small-Keyboard\AndroidManifest.xml:43:17-67
	android:name
		ADDED from Documents\Small-Keyboard\AndroidManifest.xml:43:25-64
meta-data#android.view.im
ADDED from Documents\Small-Keyboard\AndroidManifest.xml:45:13-88
	android:resource
		ADDED from Documents\Small-Keyboard\AndroidManifest.xml:45:55-85
	android:name
		ADDED from Documents\Small-Keyboard\AndroidManifest.xml:45:24-54
service#com.themejunky.small.keyboard.spellcheck.AndroidSpellCheckerService
ADDED from Documents\Small-Keyboard\AndroidManifest.xml:48:9-56:19
	android:label
		ADDED from Documents\Small-Keyboard\AndroidManifest.xml:49:18-68
	android:permission
		ADDED from Documents\Small-Keyboard\AndroidManifest.xml:50:18-75
	android:name
		ADDED from Documents\Small-Keyboard\AndroidManifest.xml:48:18-71
intent-filter#android.service.textservice.SpellCheckerService
ADDED from Documents\Small-Keyboard\AndroidManifest.xml:51:13-53:29
action#android.service.textservice.SpellCheckerService
ADDED from Documents\Small-Keyboard\AndroidManifest.xml:52:17-90
	android:name
		ADDED from Documents\Small-Keyboard\AndroidManifest.xml:52:25-87
meta-data#android.view.textservice.scs
ADDED from Documents\Small-Keyboard\AndroidManifest.xml:54:13-55:60
	android:resource
		ADDED from Documents\Small-Keyboard\AndroidManifest.xml:55:21-57
	android:name
		ADDED from Documents\Small-Keyboard\AndroidManifest.xml:54:24-67
activity#com.themejunky.small.keyboard.setup.SetupActivity
ADDED from Documents\Small-Keyboard\AndroidManifest.xml:58:9-64:20
	android:label
		ADDED from Documents\Small-Keyboard\AndroidManifest.xml:59:17-57
	android:launchMode
		ADDED from Documents\Small-Keyboard\AndroidManifest.xml:61:17-48
	android:noHistory
		ADDED from Documents\Small-Keyboard\AndroidManifest.xml:62:17-41
	android:icon
		ADDED from Documents\Small-Keyboard\AndroidManifest.xml:60:17-60
	android:name
		ADDED from Documents\Small-Keyboard\AndroidManifest.xml:58:19-54
activity#com.themejunky.small.keyboard.setup.SetupWizardActivity
ADDED from Documents\Small-Keyboard\AndroidManifest.xml:66:9-73:20
	android:clearTaskOnLaunch
		ADDED from Documents\Small-Keyboard\AndroidManifest.xml:68:17-49
	android:label
		ADDED from Documents\Small-Keyboard\AndroidManifest.xml:67:17-57
	android:name
		ADDED from Documents\Small-Keyboard\AndroidManifest.xml:66:19-60
intent-filter#android.intent.action.MAIN+android.intent.category.LAUNCHER
ADDED from Documents\Small-Keyboard\AndroidManifest.xml:69:13-72:29
action#android.intent.action.MAIN
ADDED from Documents\Small-Keyboard\AndroidManifest.xml:70:17-69
	android:name
		ADDED from Documents\Small-Keyboard\AndroidManifest.xml:70:25-66
category#android.intent.category.LAUNCHER
ADDED from Documents\Small-Keyboard\AndroidManifest.xml:71:17-77
	android:name
		ADDED from Documents\Small-Keyboard\AndroidManifest.xml:71:27-74
receiver#com.themejunky.small.keyboard.setup.LauncherIconVisibilityManager
ADDED from Documents\Small-Keyboard\AndroidManifest.xml:75:9-81:20
	android:name
		ADDED from Documents\Small-Keyboard\AndroidManifest.xml:75:19-70
intent-filter#android.intent.action.BOOT_COMPLETED+android.intent.action.MY_PACKAGE_REPLACED+android.intent.action.USER_INITIALIZE
ADDED from Documents\Small-Keyboard\AndroidManifest.xml:76:13-80:29
action#android.intent.action.MY_PACKAGE_REPLACED
ADDED from Documents\Small-Keyboard\AndroidManifest.xml:77:17-84
	android:name
		ADDED from Documents\Small-Keyboard\AndroidManifest.xml:77:25-81
action#android.intent.action.BOOT_COMPLETED
ADDED from Documents\Small-Keyboard\AndroidManifest.xml:78:17-79
	android:name
		ADDED from Documents\Small-Keyboard\AndroidManifest.xml:78:25-76
action#android.intent.action.USER_INITIALIZE
ADDED from Documents\Small-Keyboard\AndroidManifest.xml:79:17-80
	android:name
		ADDED from Documents\Small-Keyboard\AndroidManifest.xml:79:25-77
activity#com.themejunky.small.keyboard.settings.SettingsActivity
ADDED from Documents\Small-Keyboard\AndroidManifest.xml:83:9-89:20
	android:label
		ADDED from Documents\Small-Keyboard\AndroidManifest.xml:84:17-61
	android:uiOptions
		ADDED from Documents\Small-Keyboard\AndroidManifest.xml:85:17-61
	android:name
		ADDED from Documents\Small-Keyboard\AndroidManifest.xml:83:19-60
intent-filter#android.intent.action.MAIN
ADDED from Documents\Small-Keyboard\AndroidManifest.xml:86:13-88:29
activity#com.themejunky.small.keyboard.spellcheck.SpellCheckerSettingsActivity
ADDED from Documents\Small-Keyboard\AndroidManifest.xml:91:9-96:20
	android:label
		ADDED from Documents\Small-Keyboard\AndroidManifest.xml:92:19-73
	android:name
		ADDED from Documents\Small-Keyboard\AndroidManifest.xml:91:19-74
activity#com.themejunky.small.keyboard.settings.DebugSettingsActivity
ADDED from Documents\Small-Keyboard\AndroidManifest.xml:98:9-103:20
	android:label
		ADDED from Documents\Small-Keyboard\AndroidManifest.xml:99:17-67
	android:name
		ADDED from Documents\Small-Keyboard\AndroidManifest.xml:98:19-65
receiver#com.themejunky.small.keyboard.SuggestionSpanPickedNotificationReceiver
ADDED from Documents\Small-Keyboard\AndroidManifest.xml:105:9-109:20
	android:enabled
		ADDED from Documents\Small-Keyboard\AndroidManifest.xml:105:75-97
	android:name
		ADDED from Documents\Small-Keyboard\AndroidManifest.xml:105:19-74
intent-filter#android.text.style.SUGGESTION_PICKED
ADDED from Documents\Small-Keyboard\AndroidManifest.xml:106:13-108:29
action#android.text.style.SUGGESTION_PICKED
ADDED from Documents\Small-Keyboard\AndroidManifest.xml:107:17-79
	android:name
		ADDED from Documents\Small-Keyboard\AndroidManifest.xml:107:25-76
receiver#com.themejunky.small.keyboard.personalization.DictionaryDecayBroadcastReciever
ADDED from Documents\Small-Keyboard\AndroidManifest.xml:111:9-115:20
	android:name
		ADDED from Documents\Small-Keyboard\AndroidManifest.xml:111:19-83
intent-filter#com.themejunky.small.keyboard.personalization.DICT_DECAY
ADDED from Documents\Small-Keyboard\AndroidManifest.xml:112:13-114:29
action#com.themejunky.small.keyboard.personalization.DICT_DECAY
ADDED from Documents\Small-Keyboard\AndroidManifest.xml:113:17-99
	android:name
		ADDED from Documents\Small-Keyboard\AndroidManifest.xml:113:25-96
receiver#com.themejunky.small.keyboard.DictionaryPackInstallBroadcastReceiver
ADDED from Documents\Small-Keyboard\AndroidManifest.xml:117:9-121:20
	android:name
		ADDED from Documents\Small-Keyboard\AndroidManifest.xml:117:19-73
intent-filter#com.themejunky.small.dictionarypack.aosp.UNKNOWN_CLIENT
ADDED from Documents\Small-Keyboard\AndroidManifest.xml:118:13-120:29
action#com.themejunky.small.dictionarypack.aosp.UNKNOWN_CLIENT
ADDED from Documents\Small-Keyboard\AndroidManifest.xml:119:17-98
	android:name
		ADDED from Documents\Small-Keyboard\AndroidManifest.xml:119:25-95
provider#com.themejunky.small.dictionarypack.DictionaryProvider
ADDED from Documents\Small-Keyboard\AndroidManifest.xml:123:9-129:64
	android:authorities
		ADDED from Documents\Small-Keyboard\AndroidManifest.xml:127:13-52
	android:grantUriPermissions
		ADDED from Documents\Small-Keyboard\AndroidManifest.xml:125:13-47
	android:label
		ADDED from Documents\Small-Keyboard\AndroidManifest.xml:129:13-61
	android:multiprocess
		ADDED from Documents\Small-Keyboard\AndroidManifest.xml:128:13-41
	android:exported
		ADDED from Documents\Small-Keyboard\AndroidManifest.xml:126:13-37
	android:name
		ADDED from Documents\Small-Keyboard\AndroidManifest.xml:124:13-82
service#com.themejunky.small.dictionarypack.DictionaryService
ADDED from Documents\Small-Keyboard\AndroidManifest.xml:131:9-133:19
	android:label
		ADDED from Documents\Small-Keyboard\AndroidManifest.xml:132:17-64
	android:name
		ADDED from Documents\Small-Keyboard\AndroidManifest.xml:131:18-86
receiver#com.themejunky.small.dictionarypack.EventHandler
ADDED from Documents\Small-Keyboard\AndroidManifest.xml:136:9-142:20
	android:name
		ADDED from Documents\Small-Keyboard\AndroidManifest.xml:136:19-82
intent-filter#android.intent.action.DATE_CHANGED+android.intent.action.DOWNLOAD_COMPLETE+com.themejunky.small.dictionarypack.aosp.UPDATE_NOW
ADDED from Documents\Small-Keyboard\AndroidManifest.xml:137:13-141:29
action#android.intent.action.DOWNLOAD_COMPLETE
ADDED from Documents\Small-Keyboard\AndroidManifest.xml:138:17-82
	android:name
		ADDED from Documents\Small-Keyboard\AndroidManifest.xml:138:25-79
action#android.intent.action.DATE_CHANGED
ADDED from Documents\Small-Keyboard\AndroidManifest.xml:139:17-77
	android:name
		ADDED from Documents\Small-Keyboard\AndroidManifest.xml:139:25-74
action#com.themejunky.small.dictionarypack.aosp.UPDATE_NOW
ADDED from Documents\Small-Keyboard\AndroidManifest.xml:140:17-94
	android:name
		ADDED from Documents\Small-Keyboard\AndroidManifest.xml:140:25-91
activity#com.themejunky.small.dictionarypack.DictionarySettingsActivity
ADDED from Documents\Small-Keyboard\AndroidManifest.xml:144:9-151:20
	android:label
		ADDED from Documents\Small-Keyboard\AndroidManifest.xml:145:17-66
	android:uiOptions
		ADDED from Documents\Small-Keyboard\AndroidManifest.xml:147:17-61
	android:theme
		ADDED from Documents\Small-Keyboard\AndroidManifest.xml:146:17-58
	android:name
		ADDED from Documents\Small-Keyboard\AndroidManifest.xml:144:19-96
activity#com.themejunky.small.dictionarypack.DownloadOverMeteredDialog
ADDED from Documents\Small-Keyboard\AndroidManifest.xml:153:9-159:20
	android:label
		ADDED from Documents\Small-Keyboard\AndroidManifest.xml:154:17-87
	android:theme
		ADDED from Documents\Small-Keyboard\AndroidManifest.xml:155:17-58
	android:name
		ADDED from Documents\Small-Keyboard\AndroidManifest.xml:153:19-95